
 Date:  2022-12-16
 Reading Files:
 Total Files: 39
 MCE008.csv
 MCE009.csv
 MCM009.csv
 MCM010.csv
 MCM011.csv
 MCM015.csv
 MCM017.csv
 MCM018.csv
 MCM019.csv
 MCM021.csv
 MCM024.csv
 MCM026.csv
 MCM027.csv
 MCM028.csv
 MCM030.csv
 MCM031.csv
 MCM032.csv
 MCM034_31P8B3.csv
 MCM034_321N7J.csv
 MCM036_318MLN.csv
 MCM036_31P941.csv
 MCM037_31P8BL.csv
 MCM037_321PDF.csv
 MCM044_31P53P.csv
 MCM044_321LHF.csv
 MCM045_31P548.csv
 MCM045_31P713.csv
 MCM046_31P5P8.csv
 MCM046_31P5PF.csv
 MCM049_319FJJ.csv
 MCM049_31P5P5.csv
 MCM050_312NKB.csv
 MCM050_3135M8.csv
 MCM051_3135H3.csv
 MCM051_31371B.csv
 MCM055_314MCP.csv
 MCM055_314MD1.csv
 MCM056_313L98.csv
 MCM056_314L5K.csv